<?xml version="1.0" encoding="UTF-8"?>
<!-- Generated by org.testng.reporters.JUnitXMLReporter -->
<testsuite ignored="0" hostname="DESKTOP-DMG7OKT" failures="0" tests="3" name="Surefire test" time="11.662" errors="0" timestamp="2026-01-28T22:59:52 EET">
  <testcase classname="com.qacart.todo.testcase.LoginTest" name="ShouldBeLogin" time="5.575"/>
  <testcase classname="com.qacart.todo.testcase.TODOTest" name="DeleteTodo" time="6.71"/>
  <testcase classname="com.qacart.todo.testcase.TODOTest" name="addTodoItem" time="7.235"/>
</testsuite> <!-- Surefire test -->
