<?xml version="1.0" encoding="UTF-8"?>
<!-- Generated by org.testng.reporters.JUnitXMLReporter -->
<testsuite ignored="0" hostname="DESKTOP-DMG7OKT" failures="0" tests="3" name="Surefire test" time="12.923" errors="0" timestamp="2026-01-28T23:57:00 EET">
  <testcase classname="com.qacart.todo.testcase.LoginTest" name="ShouldBeLogin" time="2.413"/>
  <testcase classname="com.qacart.todo.testcase.TODOTest" name="addTodoItem" time="6.538"/>
  <testcase classname="com.qacart.todo.testcase.TODOTest" name="DeleteTodo" time="6.664"/>
</testsuite> <!-- Surefire test -->
