<?xml version="1.0" encoding="UTF-8"?>
<testsuite xmlns:xsi="http://www.w3.org/2001/XMLSchema-instance" xsi:noNamespaceSchemaLocation="https://maven.apache.org/surefire/maven-surefire-plugin/xsd/surefire-test-report.xsd" version="3.0.2" name="TestSuite" time="29.95" tests="3" errors="0" skipped="0" failures="0">
  <properties>
[...]
</properties>
  <testcase name="ShouldBeLogin" classname="com.qacart.todo.testcase.LoginTest" time="14.894">
    <system-err><![CDATA[SLF4J(W): No SLF4J providers were found.
SLF4J(W): Defaulting to no-operation (NOP) logger implementation
SLF4J(W): See https://www.slf4j.org/codes.html#noProviders for further details.
Jan 30, 2026 9:38:58 AM org.openqa.selenium.devtools.CdpVersionFinder findNearestMatch
WARNING: Unable to find an exact match for CDP version 144, returning the closest version; found: 143; Please update to a Selenium version that supports CDP version 144
Jan 30, 2026 9:38:58 AM org.openqa.selenium.devtools.CdpVersionFinder findNearestMatch
WARNING: Unable to find an exact match for CDP version 144, returning the closest version; found: 143; Please update to a Selenium version that supports CDP version 144
Jan 30, 2026 9:38:58 AM org.openqa.selenium.devtools.CdpVersionFinder findNearestMatch
WARNING: Unable to find an exact match for CDP version 144, returning the closest version; found: 143; Please update to a Selenium version that supports CDP version 144
]]></system-err>
  </testcase>
  <testcase name="addTodoItem" classname="com.qacart.todo.testcase.TODOTest" time="21.22">
    <system-out><![CDATA[Request method:	POST
Request URI:	https://qacart-todo.herokuapp.com/api/v1/users/register
Proxy:			<none>
Request params:	<none>
Query params:	<none>
Form params:	<none>
Path params:	<none>
Headers:		Accept=*/*
				Content-Type=application/json
Cookies:		<none>
Multiparts:		<none>
Body:
{
    "email": "velia.rippin@hotmail.com",
    "password": "kenzfvuaf",
    "firstName": "Tandra",
    "lastName": "Barrows"
}
Request method:	POST
Request URI:	https://qacart-todo.herokuapp.com/api/v1/users/register
Proxy:			<none>
Request params:	<none>
Query params:	<none>
Form params:	<none>
Path params:	<none>
Headers:		Accept=*/*
				Content-Type=application/json
Cookies:		<none>
Multiparts:		<none>
Body:
{
    "email": "rachal.parisian@yahoo.com",
    "password": "z0rkexmos",
    "firstName": "Carole",
    "lastName": "Runte"
}
HTTP/1.1 201 Created
Access-Control-Allow-Origin: *
Content-Length: 280
Content-Type: application/json; charset=utf-8
Date: Fri, 30 Jan 2026 07:39:16 GMT
Etag: W/"118-VWFkaWmW9M+yTc0PgU1DJUdRuxU"
Nel: {"report_to":"heroku-nel","response_headers":["Via"],"max_age":3600,"success_fraction":0.01,"failure_fraction":0.1}
Report-To: {"group":"heroku-nel","endpoints":[{"url":"https://nel.heroku.com/reports?s=L43Ak30u2lzTY9NoClrP3Q7ilFr%2FIFtKJbFEDbQNU5A%3D\u0026sid=812dcc77-0bd0-43b1-a5f1-b25750382959\u0026ts=1769758756"}],"max_age":3600}
Reporting-Endpoints: heroku-nel="https://nel.heroku.com/reports?s=L43Ak30u2lzTY9NoClrP3Q7ilFr%2FIFtKJbFEDbQNU5A%3D&sid=812dcc77-0bd0-43b1-a5f1-b25750382959&ts=1769758756"
Server: Heroku
Set-Cookie: access_token=eyJhbGciOiJIUzI1NiIsInR5cCI6IkpXVCJ9.eyJpZCI6IjY5N2M2MDI0Y2EyNjZlMDAxNWRhNDY1ZCIsImZpcnN0TmFtZSI6IlRhbmRyYSIsImxhc3ROYW1lIjoiQmFycm93cyIsImlhdCI6MTc2OTc1ODc1Nn0.xhSxVMMUOVm-IaAxyIK8WGUuRTqfRUmT8J51UWdnsig; Path=/
Set-Cookie: userID=j%3A%22697c6024ca266e0015da465d%22; Path=/
Set-Cookie: firstName=Tandra; Path=/
Via: 1.1 heroku-router
X-Powered-By: Express

{
    "access_token": "eyJhbGciOiJIUzI1NiIsInR5cCI6IkpXVCJ9.eyJpZCI6IjY5N2M2MDI0Y2EyNjZlMDAxNWRhNDY1ZCIsImZpcnN0TmFtZSI6IlRhbmRyYSIsImxhc3ROYW1lIjoiQmFycm93cyIsImlhdCI6MTc2OTc1ODc1Nn0.xhSxVMMUOVm-IaAxyIK8WGUuRTqfRUmT8J51UWdnsig",
    "userID": "697c6024ca266e0015da465d",
    "firstName": "Tandra"
}
HTTP/1.1 201 Created
Access-Control-Allow-Origin: *
Content-Length: 277
Content-Type: application/json; charset=utf-8
Date: Fri, 30 Jan 2026 07:39:16 GMT
Etag: W/"115-qj7Zs4A+TtrCCHj40h07/p6LUpk"
Nel: {"report_to":"heroku-nel","response_headers":["Via"],"max_age":3600,"success_fraction":0.01,"failure_fraction":0.1}
Report-To: {"group":"heroku-nel","endpoints":[{"url":"https://nel.heroku.com/reports?s=L43Ak30u2lzTY9NoClrP3Q7ilFr%2FIFtKJbFEDbQNU5A%3D\u0026sid=812dcc77-0bd0-43b1-a5f1-b25750382959\u0026ts=1769758756"}],"max_age":3600}
Reporting-Endpoints: heroku-nel="https://nel.heroku.com/reports?s=L43Ak30u2lzTY9NoClrP3Q7ilFr%2FIFtKJbFEDbQNU5A%3D&sid=812dcc77-0bd0-43b1-a5f1-b25750382959&ts=1769758756"
Server: Heroku
Set-Cookie: access_token=eyJhbGciOiJIUzI1NiIsInR5cCI6IkpXVCJ9.eyJpZCI6IjY5N2M2MDI0Y2EyNjZlMDAxNWRhNDY1ZiIsImZpcnN0TmFtZSI6IkNhcm9sZSIsImxhc3ROYW1lIjoiUnVudGUiLCJpYXQiOjE3Njk3NTg3NTZ9.H5Hm0YRa9JLQoa5lCb689OqpGA9ZLb3B8Fxe5BjiZvw; Path=/
Set-Cookie: userID=j%3A%22697c6024ca266e0015da465f%22; Path=/
Set-Cookie: firstName=Carole; Path=/
Via: 1.1 heroku-router
X-Powered-By: Express

{
    "access_token": "eyJhbGciOiJIUzI1NiIsInR5cCI6IkpXVCJ9.eyJpZCI6IjY5N2M2MDI0Y2EyNjZlMDAxNWRhNDY1ZiIsImZpcnN0TmFtZSI6IkNhcm9sZSIsImxhc3ROYW1lIjoiUnVudGUiLCJpYXQiOjE3Njk3NTg3NTZ9.H5Hm0YRa9JLQoa5lCb689OqpGA9ZLb3B8Fxe5BjiZvw",
    "userID": "697c6024ca266e0015da465f",
    "firstName": "Carole"
}
HTTP/1.1 201 Created
Access-Control-Allow-Origin: *
Content-Length: 152
Content-Type: application/json; charset=utf-8
Date: Fri, 30 Jan 2026 07:39:17 GMT
Etag: W/"98-c1nNF4hhwDXlYnRMFGAcqg9Zp0g"
Nel: {"report_to":"heroku-nel","response_headers":["Via"],"max_age":3600,"success_fraction":0.01,"failure_fraction":0.1}
Report-To: {"group":"heroku-nel","endpoints":[{"url":"https://nel.heroku.com/reports?s=sCg5WsR82pFH3q83HR2ALsaz36a1tyX2K6s5KLNMvXQ%3D\u0026sid=812dcc77-0bd0-43b1-a5f1-b25750382959\u0026ts=1769758757"}],"max_age":3600}
Reporting-Endpoints: heroku-nel="https://nel.heroku.com/reports?s=sCg5WsR82pFH3q83HR2ALsaz36a1tyX2K6s5KLNMvXQ%3D&sid=812dcc77-0bd0-43b1-a5f1-b25750382959&ts=1769758757"
Server: Heroku
Via: 1.1 heroku-router
X-Powered-By: Express

{
    "isCompleted": false,
    "_id": "697c6025ca266e0015da4661",
    "item": "fares",
    "userID": "697c6024ca266e0015da465f",
    "createdAt": "2026-01-30T07:39:17.837Z",
    "__v": 0
}
]]></system-out>
  </testcase>
  <testcase name="DeleteTodo" classname="com.qacart.todo.testcase.TODOTest" time="21.561"/>
</testsuite>