<?xml version="1.0" encoding="UTF-8"?>
<testng-results ignored="0" total="3" passed="3" failed="0" skipped="0">
  <reporter-output>
  </reporter-output>
  <suite started-at="2026-01-28T22:59:40 EET" name="Surefire suite" finished-at="2026-01-28T22:59:52 EET" duration-ms="11662">
    <groups>
    </groups>
    <test started-at="2026-01-28T22:59:40 EET" name="Surefire test" finished-at="2026-01-28T22:59:52 EET" duration-ms="11662">
      <class name="com.qacart.todo.testcase.TODOTest">
        <test-method is-config="true" signature="setUp()[pri:0, instance:com.qacart.todo.testcase.TODOTest@7ea37dbf]" started-at="2026-01-28T22:59:40 EET" name="setUp" finished-at="2026-01-28T22:59:44 EET" duration-ms="3164" status="PASS">
          <reporter-output>
          </reporter-output>
        </test-method> <!-- setUp -->
        <test-method is-config="true" signature="setUp()[pri:0, instance:com.qacart.todo.testcase.TODOTest@7ea37dbf]" started-at="2026-01-28T22:59:40 EET" name="setUp" finished-at="2026-01-28T22:59:44 EET" duration-ms="3161" status="PASS">
          <reporter-output>
          </reporter-output>
        </test-method> <!-- setUp -->
        <test-method signature="DeleteTodo()[pri:0, instance:com.qacart.todo.testcase.TODOTest@7ea37dbf]" started-at="2026-01-28T22:59:44 EET" name="DeleteTodo" finished-at="2026-01-28T22:59:50 EET" duration-ms="6710" status="PASS">
          <reporter-output>
          </reporter-output>
        </test-method> <!-- DeleteTodo -->
        <test-method signature="addTodoItem()[pri:0, instance:com.qacart.todo.testcase.TODOTest@7ea37dbf]" started-at="2026-01-28T22:59:44 EET" name="addTodoItem" finished-at="2026-01-28T22:59:51 EET" duration-ms="7235" status="PASS">
          <reporter-output>
          </reporter-output>
        </test-method> <!-- addTodoItem -->
        <test-method is-config="true" signature="tearDown()[pri:0, instance:com.qacart.todo.testcase.TODOTest@7ea37dbf]" started-at="2026-01-28T22:59:50 EET" name="tearDown" finished-at="2026-01-28T22:59:52 EET" duration-ms="1618" status="PASS">
          <reporter-output>
          </reporter-output>
        </test-method> <!-- tearDown -->
        <test-method is-config="true" signature="tearDown()[pri:0, instance:com.qacart.todo.testcase.TODOTest@7ea37dbf]" started-at="2026-01-28T22:59:51 EET" name="tearDown" finished-at="2026-01-28T22:59:52 EET" duration-ms="1225" status="PASS">
          <reporter-output>
          </reporter-output>
        </test-method> <!-- tearDown -->
      </class> <!-- com.qacart.todo.testcase.TODOTest -->
      <class name="com.qacart.todo.testcase.LoginTest">
        <test-method is-config="true" signature="setUp()[pri:0, instance:com.qacart.todo.testcase.LoginTest@2aa3cd93]" started-at="2026-01-28T22:59:40 EET" name="setUp" finished-at="2026-01-28T22:59:44 EET" duration-ms="3164" status="PASS">
          <reporter-output>
          </reporter-output>
        </test-method> <!-- setUp -->
        <test-method signature="ShouldBeLogin()[pri:0, instance:com.qacart.todo.testcase.LoginTest@2aa3cd93]" started-at="2026-01-28T22:59:44 EET" name="ShouldBeLogin" finished-at="2026-01-28T22:59:49 EET" duration-ms="5575" status="PASS">
          <reporter-output>
          </reporter-output>
        </test-method> <!-- ShouldBeLogin -->
        <test-method is-config="true" signature="tearDown()[pri:0, instance:com.qacart.todo.testcase.LoginTest@2aa3cd93]" started-at="2026-01-28T22:59:49 EET" name="tearDown" finished-at="2026-01-28T22:59:49 EET" duration-ms="277" status="PASS">
          <reporter-output>
          </reporter-output>
        </test-method> <!-- tearDown -->
      </class> <!-- com.qacart.todo.testcase.LoginTest -->
    </test> <!-- Surefire test -->
  </suite> <!-- Surefire suite -->
</testng-results>
