<?xml version="1.0" encoding="UTF-8"?>
<testng-results ignored="1" total="3" passed="2" failed="0" skipped="0">
  <reporter-output>
  </reporter-output>
  <suite started-at="2026-01-18T22:05:10 EET" name="Surefire suite" finished-at="2026-01-18T22:05:29 EET" duration-ms="19299">
    <groups>
    </groups>
    <test started-at="2026-01-18T22:05:10 EET" name="Surefire test" finished-at="2026-01-18T22:05:29 EET" duration-ms="19299">
      <class name="com.qacart.todo.testcase.TODOTest">
        <test-method is-config="true" signature="setUp()[pri:0, instance:com.qacart.todo.testcase.TODOTest@2b6856dd]" started-at="2026-01-18T22:05:19 EET" name="setUp" finished-at="2026-01-18T22:05:20 EET" duration-ms="967" status="PASS">
          <reporter-output>
          </reporter-output>
        </test-method> <!-- setUp -->
        <test-method signature="addTodoItem()[pri:0, instance:com.qacart.todo.testcase.TODOTest@2b6856dd]" started-at="2026-01-18T22:05:20 EET" name="addTodoItem" finished-at="2026-01-18T22:05:29 EET" duration-ms="9769" status="PASS">
          <reporter-output>
          </reporter-output>
        </test-method> <!-- addTodoItem -->
        <test-method is-config="true" signature="tearDown()[pri:0, instance:com.qacart.todo.testcase.TODOTest@2b6856dd]" started-at="2026-01-18T22:05:29 EET" name="tearDown" finished-at="2026-01-18T22:05:29 EET" duration-ms="184" status="PASS">
          <reporter-output>
          </reporter-output>
        </test-method> <!-- tearDown -->
      </class> <!-- com.qacart.todo.testcase.TODOTest -->
      <class name="com.qacart.todo.testcase.LoginTest">
        <test-method is-config="true" signature="setUp()[pri:0, instance:com.qacart.todo.testcase.LoginTest@37e547da]" started-at="2026-01-18T22:05:10 EET" name="setUp" finished-at="2026-01-18T22:05:13 EET" duration-ms="2354" status="PASS">
          <reporter-output>
          </reporter-output>
        </test-method> <!-- setUp -->
        <test-method signature="ShouldBeLogin()[pri:0, instance:com.qacart.todo.testcase.LoginTest@37e547da]" started-at="2026-01-18T22:05:13 EET" name="ShouldBeLogin" finished-at="2026-01-18T22:05:18 EET" duration-ms="5769" status="PASS">
          <reporter-output>
          </reporter-output>
        </test-method> <!-- ShouldBeLogin -->
        <test-method is-config="true" signature="tearDown()[pri:0, instance:com.qacart.todo.testcase.LoginTest@37e547da]" started-at="2026-01-18T22:05:18 EET" name="tearDown" finished-at="2026-01-18T22:05:19 EET" duration-ms="186" status="PASS">
          <reporter-output>
          </reporter-output>
        </test-method> <!-- tearDown -->
      </class> <!-- com.qacart.todo.testcase.LoginTest -->
    </test> <!-- Surefire test -->
  </suite> <!-- Surefire suite -->
</testng-results>
