<?xml version="1.0" encoding="UTF-8"?>
<!-- Generated by org.testng.reporters.JUnitReportReporter -->
<testsuite hostname="DESKTOP-DMG7OKT" failures="0" tests="2" name="com.qacart.todo.testcase.TODOTest" time="10.198" errors="0" timestamp="2026-01-28T17:04:41 EET" skipped="0">
  <testcase classname="com.qacart.todo.testcase.TODOTest" name="DeleteTodo" time="6.471"/>
  <testcase classname="com.qacart.todo.testcase.TODOTest" name="addTodoItem" time="3.727"/>
</testsuite> <!-- com.qacart.todo.testcase.TODOTest -->
