<?xml version="1.0" encoding="UTF-8"?>
<!-- Generated by org.testng.reporters.JUnitReportReporter -->
<testsuite hostname="DESKTOP-DMG7OKT" failures="0" tests="2" name="com.qacart.todo.testcase.TODOTest" time="10.920" errors="0" timestamp="2026-01-18T22:05:30 EET" skipped="1">
  <testcase classname="com.qacart.todo.testcase.TODOTest" name="addTodoItem" time="10.920"/>
  <testcase classname="com.qacart.todo.testcase.TODOTest" name="DeleteTodo">
    <skipped/>
  </testcase> <!-- DeleteTodo -->
</testsuite> <!-- com.qacart.todo.testcase.TODOTest -->
